# JRE version: Java(TM) SE Runtime Environment (8.0_111-b14) (build 1.8.0_111-b14)
# Java VM: Java HotSpot(TM) 64-Bit Server VM (25.111-b14 mixed mode windows-amd64 compressed oops)
Heap:
 PSYoungGen      total 70656K, used 52587K [0x00000000d6580000, 0x00000000daf80000, 0x0000000100000000)
  eden space 65536K, 80% used [0x00000000d6580000,0x00000000d98dac68,0x00000000da580000)
  from space 5120K, 0% used [0x00000000da580000,0x00000000da580000,0x00000000daa80000)
  to   space 5120K, 0% used [0x00000000daa80000,0x00000000daa80000,0x00000000daf80000)
 ParOldGen       total 102912K, used 37186K [0x0000000083000000, 0x0000000089480000, 0x00000000d6580000)
  object space 102912K, 36% used [0x0000000083000000,0x0000000085450b98,0x0000000089480000)
 Metaspace       used 29558K, capacity 30348K, committed 30640K, reserved 1075200K
  class space    used 4041K, capacity 4270K, committed 4272K, reserved 1048576K
GC Heap History (8 events):
Event: 0.527 GC heap before
{Heap before GC invocations=1 (full 0):
 PSYoungGen      total 37888K, used 32525K [0x00000000d6580000, 0x00000000d8f80000, 0x0000000100000000)
  eden space 32768K, 99% used [0x00000000d6580000,0x00000000d8543638,0x00000000d8580000)
  from space 5120K, 0% used [0x00000000d8a80000,0x00000000d8a80000,0x00000000d8f80000)
  to   space 5120K, 0% used [0x00000000d8580000,0x00000000d8580000,0x00000000d8a80000)
 ParOldGen       total 86016K, used 0K [0x0000000083000000, 0x0000000088400000, 0x00000000d6580000)
  object space 86016K, 0% used [0x0000000083000000,0x0000000083000000,0x0000000088400000)
 Metaspace       used 11888K, capacity 12202K, committed 12544K, reserved 1060864K
  class space    used 1559K, capacity 1667K, committed 1792K, reserved 1048576K
Event: 0.538 GC heap after
Heap after GC invocations=1 (full 0):
 PSYoungGen      total 37888K, used 5113K [0x00000000d6580000, 0x00000000daf80000, 0x0000000100000000)
  eden space 32768K, 0% used [0x00000000d6580000,0x00000000d6580000,0x00000000d8580000)
  from space 5120K, 99% used [0x00000000d8580000,0x00000000d8a7e540,0x00000000d8a80000)
  to   space 5120K, 0% used [0x00000000daa80000,0x00000000daa80000,0x00000000daf80000)
 ParOldGen       total 86016K, used 7829K [0x0000000083000000, 0x0000000088400000, 0x00000000d6580000)
  object space 86016K, 9% used [0x0000000083000000,0x00000000837a5598,0x0000000088400000)
 Metaspace       used 11888K, capacity 12202K, committed 12544K, reserved 1060864K
  class space    used 1559K, capacity 1667K, committed 1792K, reserved 1048576K
}
Event: 0.837 GC heap before
{Heap before GC invocations=2 (full 0):
 PSYoungGen      total 37888K, used 37881K [0x00000000d6580000, 0x00000000daf80000, 0x0000000100000000)
  eden space 32768K, 100% used [0x00000000d6580000,0x00000000d8580000,0x00000000d8580000)
  from space 5120K, 99% used [0x00000000d8580000,0x00000000d8a7e540,0x00000000d8a80000)
  to   space 5120K, 0% used [0x00000000daa80000,0x00000000daa80000,0x00000000daf80000)
 ParOldGen       total 86016K, used 7829K [0x0000000083000000, 0x0000000088400000, 0x00000000d6580000)
  object space 86016K, 9% used [0x0000000083000000,0x00000000837a5598,0x0000000088400000)
 Metaspace       used 15388K, capacity 15942K, committed 16128K, reserved 1062912K
  class space    used 2285K, capacity 2469K, committed 2560K, reserved 1048576K
Event: 0.845 GC heap after
Heap after GC invocations=2 (full 0):
 PSYoungGen      total 70656K, used 5108K [0x00000000d6580000, 0x00000000daf80000, 0x0000000100000000)
  eden space 65536K, 0% used [0x00000000d6580000,0x00000000d6580000,0x00000000da580000)
  from space 5120K, 99% used [0x00000000daa80000,0x00000000daf7d070,0x00000000daf80000)
  to   space 5120K, 0% used [0x00000000da580000,0x00000000da580000,0x00000000daa80000)
 ParOldGen       total 86016K, used 28303K [0x0000000083000000, 0x0000000088400000, 0x00000000d6580000)
  object space 86016K, 32% used [0x0000000083000000,0x0000000084ba3e60,0x0000000088400000)
 Metaspace       used 15388K, capacity 15942K, committed 16128K, reserved 1062912K
  class space    used 2285K, capacity 2469K, committed 2560K, reserved 1048576K
}
Event: 7.755 GC heap before
{Heap before GC invocations=3 (full 0):
 PSYoungGen      total 70656K, used 41312K [0x00000000d6580000, 0x00000000daf80000, 0x0000000100000000)
  eden space 65536K, 55% used [0x00000000d6580000,0x00000000d88db258,0x00000000da580000)
  from space 5120K, 99% used [0x00000000daa80000,0x00000000daf7d070,0x00000000daf80000)
  to   space 5120K, 0% used [0x00000000da580000,0x00000000da580000,0x00000000daa80000)
 ParOldGen       total 86016K, used 28303K [0x0000000083000000, 0x0000000088400000, 0x00000000d6580000)
  object space 86016K, 32% used [0x0000000083000000,0x0000000084ba3e60,0x0000000088400000)
 Metaspace       used 20506K, capacity 21222K, committed 21296K, reserved 1067008K
  class space    used 2896K, capacity 3101K, committed 3120K, reserved 1048576K
Event: 7.762 GC heap after
Heap after GC invocations=3 (full 0):
 PSYoungGen      total 70656K, used 5093K [0x00000000d6580000, 0x00000000daf80000, 0x0000000100000000)
  eden space 65536K, 0% used [0x00000000d6580000,0x00000000d6580000,0x00000000da580000)
  from space 5120K, 99% used [0x00000000da580000,0x00000000daa79538,0x00000000daa80000)
  to   space 5120K, 0% used [0x00000000daa80000,0x00000000daa80000,0x00000000daf80000)
 ParOldGen       total 86016K, used 32680K [0x0000000083000000, 0x0000000088400000, 0x00000000d6580000)
  object space 86016K, 37% used [0x0000000083000000,0x0000000084fea2f0,0x0000000088400000)
 Metaspace       used 20506K, capacity 21222K, committed 21296K, reserved 1067008K
  class space    used 2896K, capacity 3101K, committed 3120K, reserved 1048576K
}
Event: 7.762 GC heap before
{Heap before GC invocations=4 (full 1):
 PSYoungGen      total 70656K, used 5093K [0x00000000d6580000, 0x00000000daf80000, 0x0000000100000000)
  eden space 65536K, 0% used [0x00000000d6580000,0x00000000d6580000,0x00000000da580000)
  from space 5120K, 99% used [0x00000000da580000,0x00000000daa79538,0x00000000daa80000)
  to   space 5120K, 0% used [0x00000000daa80000,0x00000000daa80000,0x00000000daf80000)
 ParOldGen       total 86016K, used 32680K [0x0000000083000000, 0x0000000088400000, 0x00000000d6580000)
  object space 86016K, 37% used [0x0000000083000000,0x0000000084fea2f0,0x0000000088400000)
 Metaspace       used 20506K, capacity 21222K, committed 21296K, reserved 1067008K
  class space    used 2896K, capacity 3101K, committed 3120K, reserved 1048576K
Event: 7.801 GC heap after
Heap after GC invocations=4 (full 1):
 PSYoungGen      total 70656K, used 0K [0x00000000d6580000, 0x00000000daf80000, 0x0000000100000000)
  eden space 65536K, 0% used [0x00000000d6580000,0x00000000d6580000,0x00000000da580000)
  from space 5120K, 0% used [0x00000000da580000,0x00000000da580000,0x00000000daa80000)
  to   space 5120K, 0% used [0x00000000daa80000,0x00000000daa80000,0x00000000daf80000)
 ParOldGen       total 102912K, used 37186K [0x0000000083000000, 0x0000000089480000, 0x00000000d6580000)
  object space 102912K, 36% used [0x0000000083000000,0x0000000085450b98,0x0000000089480000)
 Metaspace       used 20506K, capacity 21222K, committed 21296K, reserved 1067008K
  class space    used 2896K, capacity 3101K, committed 3120K, reserved 1048576K
}

