# JRE version: Java(TM) SE Runtime Environment (8.0_111-b14) (build 1.8.0_111-b14)
# Java VM: Java HotSpot(TM) 64-Bit Server VM (25.111-b14 mixed mode windows-amd64 compressed oops)
Heap:
 PSYoungGen      total 70656K, used 61363K [0x00000000d6580000, 0x00000000daf80000, 0x0000000100000000)
  eden space 65536K, 93% used [0x00000000d6580000,0x00000000da16cd28,0x00000000da580000)
  from space 5120K, 0% used [0x00000000da580000,0x00000000da580000,0x00000000daa80000)
  to   space 5120K, 0% used [0x00000000daa80000,0x00000000daa80000,0x00000000daf80000)
 ParOldGen       total 102912K, used 37300K [0x0000000083000000, 0x0000000089480000, 0x00000000d6580000)
  object space 102912K, 36% used [0x0000000083000000,0x000000008546d2f0,0x0000000089480000)
 Metaspace       used 31007K, capacity 31808K, committed 32176K, reserved 1079296K
  class space    used 4218K, capacity 4434K, committed 4528K, reserved 1048576K
GC Heap History (8 events):
Event: 0.629 GC heap before
{Heap before GC invocations=1 (full 0):
 PSYoungGen      total 37888K, used 32641K [0x00000000d6580000, 0x00000000d8f80000, 0x0000000100000000)
  eden space 32768K, 99% used [0x00000000d6580000,0x00000000d8560668,0x00000000d8580000)
  from space 5120K, 0% used [0x00000000d8a80000,0x00000000d8a80000,0x00000000d8f80000)
  to   space 5120K, 0% used [0x00000000d8580000,0x00000000d8580000,0x00000000d8a80000)
 ParOldGen       total 86016K, used 0K [0x0000000083000000, 0x0000000088400000, 0x00000000d6580000)
  object space 86016K, 0% used [0x0000000083000000,0x0000000083000000,0x0000000088400000)
 Metaspace       used 11887K, capacity 12202K, committed 12544K, reserved 1060864K
  class space    used 1561K, capacity 1667K, committed 1792K, reserved 1048576K
Event: 0.640 GC heap after
Heap after GC invocations=1 (full 0):
 PSYoungGen      total 37888K, used 5100K [0x00000000d6580000, 0x00000000daf80000, 0x0000000100000000)
  eden space 32768K, 0% used [0x00000000d6580000,0x00000000d6580000,0x00000000d8580000)
  from space 5120K, 99% used [0x00000000d8580000,0x00000000d8a7b380,0x00000000d8a80000)
  to   space 5120K, 0% used [0x00000000daa80000,0x00000000daa80000,0x00000000daf80000)
 ParOldGen       total 86016K, used 7857K [0x0000000083000000, 0x0000000088400000, 0x00000000d6580000)
  object space 86016K, 9% used [0x0000000083000000,0x00000000837ac738,0x0000000088400000)
 Metaspace       used 11887K, capacity 12202K, committed 12544K, reserved 1060864K
  class space    used 1561K, capacity 1667K, committed 1792K, reserved 1048576K
}
Event: 0.946 GC heap before
{Heap before GC invocations=2 (full 0):
 PSYoungGen      total 37888K, used 37868K [0x00000000d6580000, 0x00000000daf80000, 0x0000000100000000)
  eden space 32768K, 100% used [0x00000000d6580000,0x00000000d8580000,0x00000000d8580000)
  from space 5120K, 99% used [0x00000000d8580000,0x00000000d8a7b380,0x00000000d8a80000)
  to   space 5120K, 0% used [0x00000000daa80000,0x00000000daa80000,0x00000000daf80000)
 ParOldGen       total 86016K, used 7857K [0x0000000083000000, 0x0000000088400000, 0x00000000d6580000)
  object space 86016K, 9% used [0x0000000083000000,0x00000000837ac738,0x0000000088400000)
 Metaspace       used 15416K, capacity 15942K, committed 16128K, reserved 1062912K
  class space    used 2289K, capacity 2469K, committed 2560K, reserved 1048576K
Event: 0.954 GC heap after
Heap after GC invocations=2 (full 0):
 PSYoungGen      total 70656K, used 5105K [0x00000000d6580000, 0x00000000daf80000, 0x0000000100000000)
  eden space 65536K, 0% used [0x00000000d6580000,0x00000000d6580000,0x00000000da580000)
  from space 5120K, 99% used [0x00000000daa80000,0x00000000daf7c720,0x00000000daf80000)
  to   space 5120K, 0% used [0x00000000da580000,0x00000000da580000,0x00000000daa80000)
 ParOldGen       total 86016K, used 28245K [0x0000000083000000, 0x0000000088400000, 0x00000000d6580000)
  object space 86016K, 32% used [0x0000000083000000,0x0000000084b957d0,0x0000000088400000)
 Metaspace       used 15416K, capacity 15942K, committed 16128K, reserved 1062912K
  class space    used 2289K, capacity 2469K, committed 2560K, reserved 1048576K
}
Event: 7.852 GC heap before
{Heap before GC invocations=3 (full 0):
 PSYoungGen      total 70656K, used 43114K [0x00000000d6580000, 0x00000000daf80000, 0x0000000100000000)
  eden space 65536K, 57% used [0x00000000d6580000,0x00000000d8a9e3f8,0x00000000da580000)
  from space 5120K, 99% used [0x00000000daa80000,0x00000000daf7c720,0x00000000daf80000)
  to   space 5120K, 0% used [0x00000000da580000,0x00000000da580000,0x00000000daa80000)
 ParOldGen       total 86016K, used 28245K [0x0000000083000000, 0x0000000088400000, 0x00000000d6580000)
  object space 86016K, 32% used [0x0000000083000000,0x0000000084b957d0,0x0000000088400000)
 Metaspace       used 20467K, capacity 21216K, committed 21296K, reserved 1067008K
  class space    used 2893K, capacity 3100K, committed 3120K, reserved 1048576K
Event: 7.859 GC heap after
Heap after GC invocations=3 (full 0):
 PSYoungGen      total 70656K, used 5106K [0x00000000d6580000, 0x00000000daf80000, 0x0000000100000000)
  eden space 65536K, 0% used [0x00000000d6580000,0x00000000d6580000,0x00000000da580000)
  from space 5120K, 99% used [0x00000000da580000,0x00000000daa7cbe8,0x00000000daa80000)
  to   space 5120K, 0% used [0x00000000daa80000,0x00000000daa80000,0x00000000daf80000)
 ParOldGen       total 86016K, used 32673K [0x0000000083000000, 0x0000000088400000, 0x00000000d6580000)
  object space 86016K, 37% used [0x0000000083000000,0x0000000084fe8508,0x0000000088400000)
 Metaspace       used 20467K, capacity 21216K, committed 21296K, reserved 1067008K
  class space    used 2893K, capacity 3100K, committed 3120K, reserved 1048576K
}
Event: 7.859 GC heap before
{Heap before GC invocations=4 (full 1):
 PSYoungGen      total 70656K, used 5106K [0x00000000d6580000, 0x00000000daf80000, 0x0000000100000000)
  eden space 65536K, 0% used [0x00000000d6580000,0x00000000d6580000,0x00000000da580000)
  from space 5120K, 99% used [0x00000000da580000,0x00000000daa7cbe8,0x00000000daa80000)
  to   space 5120K, 0% used [0x00000000daa80000,0x00000000daa80000,0x00000000daf80000)
 ParOldGen       total 86016K, used 32673K [0x0000000083000000, 0x0000000088400000, 0x00000000d6580000)
  object space 86016K, 37% used [0x0000000083000000,0x0000000084fe8508,0x0000000088400000)
 Metaspace       used 20467K, capacity 21216K, committed 21296K, reserved 1067008K
  class space    used 2893K, capacity 3100K, committed 3120K, reserved 1048576K
Event: 7.897 GC heap after
Heap after GC invocations=4 (full 1):
 PSYoungGen      total 70656K, used 0K [0x00000000d6580000, 0x00000000daf80000, 0x0000000100000000)
  eden space 65536K, 0% used [0x00000000d6580000,0x00000000d6580000,0x00000000da580000)
  from space 5120K, 0% used [0x00000000da580000,0x00000000da580000,0x00000000daa80000)
  to   space 5120K, 0% used [0x00000000daa80000,0x00000000daa80000,0x00000000daf80000)
 ParOldGen       total 102912K, used 37300K [0x0000000083000000, 0x0000000089480000, 0x00000000d6580000)
  object space 102912K, 36% used [0x0000000083000000,0x000000008546d2f0,0x0000000089480000)
 Metaspace       used 20467K, capacity 21216K, committed 21296K, reserved 1067008K
  class space    used 2893K, capacity 3100K, committed 3120K, reserved 1048576K
}

