# JRE version: Java(TM) SE Runtime Environment (8.0_111-b14) (build 1.8.0_111-b14)
# Java VM: Java HotSpot(TM) 64-Bit Server VM (25.111-b14 mixed mode windows-amd64 compressed oops)
Heap:
 PSYoungGen      total 70656K, used 2180K [0x00000000d6580000, 0x00000000daf80000, 0x0000000100000000)
  eden space 65536K, 3% used [0x00000000d6580000,0x00000000d67a11b0,0x00000000da580000)
  from space 5120K, 0% used [0x00000000da580000,0x00000000da580000,0x00000000daa80000)
  to   space 5120K, 0% used [0x00000000daa80000,0x00000000daa80000,0x00000000daf80000)
 ParOldGen       total 86016K, used 37320K [0x0000000083000000, 0x0000000088400000, 0x00000000d6580000)
  object space 86016K, 43% used [0x0000000083000000,0x00000000854720e0,0x0000000088400000)
 Metaspace       used 20835K, capacity 21530K, committed 21632K, reserved 1067008K
  class space    used 2963K, capacity 3163K, committed 3200K, reserved 1048576K
GC Heap History (8 events):
Event: 0.526 GC heap before
{Heap before GC invocations=1 (full 0):
 PSYoungGen      total 37888K, used 32431K [0x00000000d6580000, 0x00000000d8f80000, 0x0000000100000000)
  eden space 32768K, 98% used [0x00000000d6580000,0x00000000d852bdd0,0x00000000d8580000)
  from space 5120K, 0% used [0x00000000d8a80000,0x00000000d8a80000,0x00000000d8f80000)
  to   space 5120K, 0% used [0x00000000d8580000,0x00000000d8580000,0x00000000d8a80000)
 ParOldGen       total 86016K, used 0K [0x0000000083000000, 0x0000000088400000, 0x00000000d6580000)
  object space 86016K, 0% used [0x0000000083000000,0x0000000083000000,0x0000000088400000)
 Metaspace       used 11889K, capacity 12202K, committed 12544K, reserved 1060864K
  class space    used 1561K, capacity 1667K, committed 1792K, reserved 1048576K
Event: 0.535 GC heap after
Heap after GC invocations=1 (full 0):
 PSYoungGen      total 37888K, used 5113K [0x00000000d6580000, 0x00000000daf80000, 0x0000000100000000)
  eden space 32768K, 0% used [0x00000000d6580000,0x00000000d6580000,0x00000000d8580000)
  from space 5120K, 99% used [0x00000000d8580000,0x00000000d8a7e540,0x00000000d8a80000)
  to   space 5120K, 0% used [0x00000000daa80000,0x00000000daa80000,0x00000000daf80000)
 ParOldGen       total 86016K, used 7808K [0x0000000083000000, 0x0000000088400000, 0x00000000d6580000)
  object space 86016K, 9% used [0x0000000083000000,0x00000000837a02c8,0x0000000088400000)
 Metaspace       used 11889K, capacity 12202K, committed 12544K, reserved 1060864K
  class space    used 1561K, capacity 1667K, committed 1792K, reserved 1048576K
}
Event: 0.829 GC heap before
{Heap before GC invocations=2 (full 0):
 PSYoungGen      total 37888K, used 37881K [0x00000000d6580000, 0x00000000daf80000, 0x0000000100000000)
  eden space 32768K, 100% used [0x00000000d6580000,0x00000000d8580000,0x00000000d8580000)
  from space 5120K, 99% used [0x00000000d8580000,0x00000000d8a7e540,0x00000000d8a80000)
  to   space 5120K, 0% used [0x00000000daa80000,0x00000000daa80000,0x00000000daf80000)
 ParOldGen       total 86016K, used 7808K [0x0000000083000000, 0x0000000088400000, 0x00000000d6580000)
  object space 86016K, 9% used [0x0000000083000000,0x00000000837a02c8,0x0000000088400000)
 Metaspace       used 15396K, capacity 15942K, committed 16128K, reserved 1062912K
  class space    used 2292K, capacity 2469K, committed 2560K, reserved 1048576K
Event: 0.835 GC heap after
Heap after GC invocations=2 (full 0):
 PSYoungGen      total 70656K, used 5089K [0x00000000d6580000, 0x00000000daf80000, 0x0000000100000000)
  eden space 65536K, 0% used [0x00000000d6580000,0x00000000d6580000,0x00000000da580000)
  from space 5120K, 99% used [0x00000000daa80000,0x00000000daf78730,0x00000000daf80000)
  to   space 5120K, 0% used [0x00000000da580000,0x00000000da580000,0x00000000daa80000)
 ParOldGen       total 86016K, used 28311K [0x0000000083000000, 0x0000000088400000, 0x00000000d6580000)
  object space 86016K, 32% used [0x0000000083000000,0x0000000084ba5cf0,0x0000000088400000)
 Metaspace       used 15396K, capacity 15942K, committed 16128K, reserved 1062912K
  class space    used 2292K, capacity 2469K, committed 2560K, reserved 1048576K
}
Event: 6.764 GC heap before
{Heap before GC invocations=3 (full 0):
 PSYoungGen      total 70656K, used 41724K [0x00000000d6580000, 0x00000000daf80000, 0x0000000100000000)
  eden space 65536K, 55% used [0x00000000d6580000,0x00000000d8946970,0x00000000da580000)
  from space 5120K, 99% used [0x00000000daa80000,0x00000000daf78730,0x00000000daf80000)
  to   space 5120K, 0% used [0x00000000da580000,0x00000000da580000,0x00000000daa80000)
 ParOldGen       total 86016K, used 28311K [0x0000000083000000, 0x0000000088400000, 0x00000000d6580000)
  object space 86016K, 32% used [0x0000000083000000,0x0000000084ba5cf0,0x0000000088400000)
 Metaspace       used 20478K, capacity 21178K, committed 21296K, reserved 1067008K
  class space    used 2910K, capacity 3131K, committed 3200K, reserved 1048576K
Event: 6.771 GC heap after
Heap after GC invocations=3 (full 0):
 PSYoungGen      total 70656K, used 5094K [0x00000000d6580000, 0x00000000daf80000, 0x0000000100000000)
  eden space 65536K, 0% used [0x00000000d6580000,0x00000000d6580000,0x00000000da580000)
  from space 5120K, 99% used [0x00000000da580000,0x00000000daa79a28,0x00000000daa80000)
  to   space 5120K, 0% used [0x00000000daa80000,0x00000000daa80000,0x00000000daf80000)
 ParOldGen       total 86016K, used 32847K [0x0000000083000000, 0x0000000088400000, 0x00000000d6580000)
  object space 86016K, 38% used [0x0000000083000000,0x0000000085013d88,0x0000000088400000)
 Metaspace       used 20478K, capacity 21178K, committed 21296K, reserved 1067008K
  class space    used 2910K, capacity 3131K, committed 3200K, reserved 1048576K
}
Event: 6.771 GC heap before
{Heap before GC invocations=4 (full 1):
 PSYoungGen      total 70656K, used 5094K [0x00000000d6580000, 0x00000000daf80000, 0x0000000100000000)
  eden space 65536K, 0% used [0x00000000d6580000,0x00000000d6580000,0x00000000da580000)
  from space 5120K, 99% used [0x00000000da580000,0x00000000daa79a28,0x00000000daa80000)
  to   space 5120K, 0% used [0x00000000daa80000,0x00000000daa80000,0x00000000daf80000)
 ParOldGen       total 86016K, used 32847K [0x0000000083000000, 0x0000000088400000, 0x00000000d6580000)
  object space 86016K, 38% used [0x0000000083000000,0x0000000085013d88,0x0000000088400000)
 Metaspace       used 20478K, capacity 21178K, committed 21296K, reserved 1067008K
  class space    used 2910K, capacity 3131K, committed 3200K, reserved 1048576K
Event: 6.812 GC heap after
Heap after GC invocations=4 (full 1):
 PSYoungGen      total 70656K, used 0K [0x00000000d6580000, 0x00000000daf80000, 0x0000000100000000)
  eden space 65536K, 0% used [0x00000000d6580000,0x00000000d6580000,0x00000000da580000)
  from space 5120K, 0% used [0x00000000da580000,0x00000000da580000,0x00000000daa80000)
  to   space 5120K, 0% used [0x00000000daa80000,0x00000000daa80000,0x00000000daf80000)
 ParOldGen       total 86016K, used 37320K [0x0000000083000000, 0x0000000088400000, 0x00000000d6580000)
  object space 86016K, 43% used [0x0000000083000000,0x00000000854720e0,0x0000000088400000)
 Metaspace       used 20478K, capacity 21178K, committed 21296K, reserved 1067008K
  class space    used 2910K, capacity 3131K, committed 3200K, reserved 1048576K
}

